Arguments: 
  /home/nor/.nvm/versions/node/v14.15.4/bin/node /usr/local/bin/yarn install

PATH: 
  /home/nor/.nvm/versions/node/v14.15.4/bin:/tmp/.mount_hyper-b7nUhF:/tmp/.mount_hyper-b7nUhF/usr/sbin:/usr/share/rvm/gems/ruby-2.7.2/bin:/usr/share/rvm/gems/ruby-2.7.2@global/bin:/usr/share/rvm/rubies/ruby-2.7.2/bin:/usr/local/sbin:/usr/local/bin:/usr/sbin:/usr/bin:/sbin:/bin:/usr/games:/usr/local/games:/snap/bin:/usr/share/rvm/bin

Yarn version: 
  1.22.10

Node version: 
  14.15.4

Platform: 
  linux x64

Trace: 
  SyntaxError: /home/nor/github/JoshuaWoodsdev/nor/package.json: Unexpected end of JSON input
      at JSON.parse (<anonymous>)
      at /usr/local/lib/node_modules/yarn/lib/cli.js:1625:59
      at Generator.next (<anonymous>)
      at step (/usr/local/lib/node_modules/yarn/lib/cli.js:310:30)
      at /usr/local/lib/node_modules/yarn/lib/cli.js:321:13

npm manifest: 
  

yarn manifest: 
  No manifest

Lockfile: 
  # THIS IS AN AUTOGENERATED FILE. DO NOT EDIT THIS FILE DIRECTLY.
  # yarn lockfile v1
